mode: set
github.com/TresPies-source/dgd/api/export.go:35.55,39.16 3 0
github.com/TresPies-source/dgd/api/export.go:39.16,42.3 2 0
github.com/TresPies-source/dgd/api/export.go:44.2,45.16 2 0
github.com/TresPies-source/dgd/api/export.go:45.16,48.3 2 0
github.com/TresPies-source/dgd/api/export.go:50.2,51.16 2 0
github.com/TresPies-source/dgd/api/export.go:51.16,54.3 2 0
github.com/TresPies-source/dgd/api/export.go:56.2,60.35 4 0
github.com/TresPies-source/dgd/api/export.go:63.100,76.16 3 1
github.com/TresPies-source/dgd/api/export.go:76.16,78.3 1 0
github.com/TresPies-source/dgd/api/export.go:80.2,86.24 6 1
github.com/TresPies-source/dgd/api/export.go:86.24,88.3 1 1
github.com/TresPies-source/dgd/api/export.go:88.8,89.32 1 1
github.com/TresPies-source/dgd/api/export.go:89.32,101.18 3 1
github.com/TresPies-source/dgd/api/export.go:101.18,103.5 1 0
github.com/TresPies-source/dgd/api/export.go:105.4,107.29 3 1
github.com/TresPies-source/dgd/api/export.go:111.2,111.25 1 1
github.com/TresPies-source/dgd/api/export.go:114.47,128.25 3 1
github.com/TresPies-source/dgd/api/export.go:128.25,130.3 1 1
github.com/TresPies-source/dgd/api/export.go:131.2,131.21 1 1
github.com/TresPies-source/dgd/api/export.go:131.21,133.3 1 1
github.com/TresPies-source/dgd/api/export.go:134.2,134.18 1 1
github.com/TresPies-source/dgd/api/handlers.go:35.41,41.2 1 1
github.com/TresPies-source/dgd/api/handlers.go:44.84,58.2 4 0
github.com/TresPies-source/dgd/api/handlers.go:61.46,63.47 2 0
github.com/TresPies-source/dgd/api/handlers.go:63.47,66.3 2 0
github.com/TresPies-source/dgd/api/handlers.go:69.2,70.16 2 0
github.com/TresPies-source/dgd/api/handlers.go:70.16,73.3 2 0
github.com/TresPies-source/dgd/api/handlers.go:76.2,87.56 5 0
github.com/TresPies-source/dgd/api/handlers.go:87.56,90.3 2 0
github.com/TresPies-source/dgd/api/handlers.go:93.2,98.16 3 0
github.com/TresPies-source/dgd/api/handlers.go:98.16,101.3 2 0
github.com/TresPies-source/dgd/api/handlers.go:103.2,115.21 7 0
github.com/TresPies-source/dgd/api/handlers.go:116.28,118.21 2 0
github.com/TresPies-source/dgd/api/handlers.go:119.33,121.26 2 0
github.com/TresPies-source/dgd/api/handlers.go:122.31,124.24 2 0
github.com/TresPies-source/dgd/api/handlers.go:125.10,127.24 2 0
github.com/TresPies-source/dgd/api/handlers.go:130.2,130.16 1 0
github.com/TresPies-source/dgd/api/handlers.go:130.16,136.3 3 0
github.com/TresPies-source/dgd/api/handlers.go:139.2,150.61 3 0
github.com/TresPies-source/dgd/api/handlers.go:150.61,153.3 2 0
github.com/TresPies-source/dgd/api/handlers.go:156.2,166.4 2 0
github.com/TresPies-source/dgd/api/handlers.go:170.126,172.24 1 0
github.com/TresPies-source/dgd/api/handlers.go:172.24,174.3 1 0
github.com/TresPies-source/dgd/api/handlers.go:176.2,188.16 4 0
github.com/TresPies-source/dgd/api/handlers.go:188.16,190.3 1 0
github.com/TresPies-source/dgd/api/handlers.go:192.2,197.103 2 0
github.com/TresPies-source/dgd/api/handlers.go:203.122,206.16 2 0
github.com/TresPies-source/dgd/api/handlers.go:206.16,208.3 1 0
github.com/TresPies-source/dgd/api/handlers.go:209.2,217.65 4 0
github.com/TresPies-source/dgd/api/handlers.go:217.65,220.17 2 0
github.com/TresPies-source/dgd/api/handlers.go:220.17,222.4 1 0
github.com/TresPies-source/dgd/api/handlers.go:224.3,224.24 1 0
github.com/TresPies-source/dgd/api/handlers.go:224.24,226.4 1 0
github.com/TresPies-source/dgd/api/handlers.go:228.3,229.34 2 0
github.com/TresPies-source/dgd/api/handlers.go:229.34,230.15 1 0
github.com/TresPies-source/dgd/api/handlers.go:230.15,232.10 2 0
github.com/TresPies-source/dgd/api/handlers.go:234.4,234.79 1 0
github.com/TresPies-source/dgd/api/handlers.go:236.3,236.29 1 0
github.com/TresPies-source/dgd/api/handlers.go:238.8,238.73 1 0
github.com/TresPies-source/dgd/api/handlers.go:238.73,243.3 1 0
github.com/TresPies-source/dgd/api/handlers.go:243.8,243.67 1 0
github.com/TresPies-source/dgd/api/handlers.go:243.67,246.17 2 0
github.com/TresPies-source/dgd/api/handlers.go:246.17,248.4 1 0
github.com/TresPies-source/dgd/api/handlers.go:250.3,250.22 1 0
github.com/TresPies-source/dgd/api/handlers.go:250.22,252.4 1 0
github.com/TresPies-source/dgd/api/handlers.go:254.3,255.30 2 0
github.com/TresPies-source/dgd/api/handlers.go:255.30,256.15 1 0
github.com/TresPies-source/dgd/api/handlers.go:256.15,258.10 2 0
github.com/TresPies-source/dgd/api/handlers.go:260.4,260.88 1 0
github.com/TresPies-source/dgd/api/handlers.go:262.3,262.29 1 0
github.com/TresPies-source/dgd/api/handlers.go:265.2,265.80 1 0
github.com/TresPies-source/dgd/api/handlers.go:269.125,270.27 1 0
github.com/TresPies-source/dgd/api/handlers.go:270.27,272.3 1 0
github.com/TresPies-source/dgd/api/handlers.go:274.2,286.16 4 0
github.com/TresPies-source/dgd/api/handlers.go:286.16,288.3 1 0
github.com/TresPies-source/dgd/api/handlers.go:290.2,296.89 2 0
github.com/TresPies-source/dgd/api/handlers.go:300.50,304.16 3 0
github.com/TresPies-source/dgd/api/handlers.go:304.16,307.3 2 0
github.com/TresPies-source/dgd/api/handlers.go:309.2,309.27 1 0
github.com/TresPies-source/dgd/api/handlers.go:313.55,315.47 2 0
github.com/TresPies-source/dgd/api/handlers.go:315.47,318.3 2 0
github.com/TresPies-source/dgd/api/handlers.go:320.2,329.52 3 0
github.com/TresPies-source/dgd/api/handlers.go:329.52,332.3 2 0
github.com/TresPies-source/dgd/api/handlers.go:334.2,336.4 1 0
github.com/TresPies-source/dgd/api/handlers.go:340.54,342.16 2 0
github.com/TresPies-source/dgd/api/handlers.go:342.16,345.3 2 0
github.com/TresPies-source/dgd/api/handlers.go:348.2,349.32 2 0
github.com/TresPies-source/dgd/api/handlers.go:349.32,358.3 1 0
github.com/TresPies-source/dgd/api/handlers.go:360.2,362.4 1 0
github.com/TresPies-source/dgd/api/handlers.go:366.52,370.16 3 0
github.com/TresPies-source/dgd/api/handlers.go:370.16,373.3 2 0
github.com/TresPies-source/dgd/api/handlers.go:375.2,376.16 2 0
github.com/TresPies-source/dgd/api/handlers.go:376.16,379.3 2 0
github.com/TresPies-source/dgd/api/handlers.go:382.2,383.31 2 0
github.com/TresPies-source/dgd/api/handlers.go:383.31,393.3 1 0
github.com/TresPies-source/dgd/api/handlers.go:395.2,405.4 1 0
github.com/TresPies-source/dgd/api/handlers.go:409.55,413.16 3 0
github.com/TresPies-source/dgd/api/handlers.go:413.16,416.3 2 0
github.com/TresPies-source/dgd/api/handlers.go:418.2,420.4 1 0
github.com/TresPies-source/dgd/api/handlers.go:424.48,429.2 1 0
github.com/TresPies-source/dgd/api/handlers.go:432.51,433.33 1 0
github.com/TresPies-source/dgd/api/handlers.go:433.33,434.34 1 0
github.com/TresPies-source/dgd/api/handlers.go:434.34,436.4 1 0
github.com/TresPies-source/dgd/api/handlers.go:438.2,438.14 1 0
github.com/TresPies-source/dgd/api/import.go:21.55,23.16 2 0
github.com/TresPies-source/dgd/api/import.go:23.16,26.3 2 0
github.com/TresPies-source/dgd/api/import.go:27.2,29.100 2 0
github.com/TresPies-source/dgd/api/import.go:29.100,32.3 2 0
github.com/TresPies-source/dgd/api/import.go:34.2,35.16 2 0
github.com/TresPies-source/dgd/api/import.go:35.16,38.3 2 0
github.com/TresPies-source/dgd/api/import.go:40.2,40.23 1 0
github.com/TresPies-source/dgd/api/import.go:40.23,43.3 2 0
github.com/TresPies-source/dgd/api/import.go:45.2,46.16 2 0
github.com/TresPies-source/dgd/api/import.go:46.16,49.3 2 0
github.com/TresPies-source/dgd/api/import.go:51.2,60.52 3 0
github.com/TresPies-source/dgd/api/import.go:60.52,63.3 2 0
github.com/TresPies-source/dgd/api/import.go:65.2,65.37 1 0
github.com/TresPies-source/dgd/api/import.go:65.37,77.49 2 0
github.com/TresPies-source/dgd/api/import.go:77.49,81.4 3 0
github.com/TresPies-source/dgd/api/import.go:84.2,87.4 1 0
github.com/TresPies-source/dgd/api/import.go:90.86,91.42 1 1
github.com/TresPies-source/dgd/api/import.go:91.42,93.3 1 1
github.com/TresPies-source/dgd/api/import.go:95.2,96.20 2 1
github.com/TresPies-source/dgd/api/import.go:96.20,98.3 1 0
github.com/TresPies-source/dgd/api/import.go:100.2,101.68 2 1
github.com/TresPies-source/dgd/api/import.go:101.68,103.3 1 1
github.com/TresPies-source/dgd/api/import.go:105.2,105.26 1 1
github.com/TresPies-source/dgd/api/import.go:105.26,107.3 1 1
github.com/TresPies-source/dgd/api/import.go:109.2,109.20 1 1
github.com/TresPies-source/dgd/api/import.go:109.20,111.3 1 1
github.com/TresPies-source/dgd/api/import.go:113.2,115.116 2 1
github.com/TresPies-source/dgd/api/import.go:115.116,117.3 1 0
github.com/TresPies-source/dgd/api/import.go:119.2,123.6 3 1
github.com/TresPies-source/dgd/api/import.go:123.6,126.20 3 1
github.com/TresPies-source/dgd/api/import.go:126.20,127.9 1 1
github.com/TresPies-source/dgd/api/import.go:129.3,129.17 1 1
github.com/TresPies-source/dgd/api/import.go:129.17,130.12 1 0
github.com/TresPies-source/dgd/api/import.go:133.3,133.42 1 1
github.com/TresPies-source/dgd/api/import.go:133.42,134.12 1 1
github.com/TresPies-source/dgd/api/import.go:137.3,137.35 1 1
github.com/TresPies-source/dgd/api/import.go:140.2,140.33 1 1
github.com/TresPies-source/dgd/api/settings.go:20.53,22.16 2 1
github.com/TresPies-source/dgd/api/settings.go:22.16,25.3 2 0
github.com/TresPies-source/dgd/api/settings.go:27.2,29.4 1 1
github.com/TresPies-source/dgd/api/settings.go:33.56,35.47 2 1
github.com/TresPies-source/dgd/api/settings.go:35.47,38.3 2 1
github.com/TresPies-source/dgd/api/settings.go:40.2,40.28 1 1
github.com/TresPies-source/dgd/api/settings.go:40.28,43.3 2 1
github.com/TresPies-source/dgd/api/settings.go:45.2,45.55 1 1
github.com/TresPies-source/dgd/api/settings.go:45.55,48.3 2 0
github.com/TresPies-source/dgd/api/settings.go:50.2,51.16 2 1
github.com/TresPies-source/dgd/api/settings.go:51.16,54.3 2 0
github.com/TresPies-source/dgd/api/settings.go:56.2,58.4 1 1
github.com/TresPies-source/dgd/api/stream.go:26.52,28.47 2 0
github.com/TresPies-source/dgd/api/stream.go:28.47,31.3 2 0
github.com/TresPies-source/dgd/api/stream.go:34.2,35.16 2 0
github.com/TresPies-source/dgd/api/stream.go:35.16,38.3 2 0
github.com/TresPies-source/dgd/api/stream.go:41.2,48.56 3 0
github.com/TresPies-source/dgd/api/stream.go:48.56,51.3 2 0
github.com/TresPies-source/dgd/api/stream.go:54.2,61.16 6 0
github.com/TresPies-source/dgd/api/stream.go:61.16,64.3 2 0
github.com/TresPies-source/dgd/api/stream.go:67.2,71.21 4 0
github.com/TresPies-source/dgd/api/stream.go:72.28,74.21 2 0
github.com/TresPies-source/dgd/api/stream.go:75.33,77.26 2 0
github.com/TresPies-source/dgd/api/stream.go:78.31,80.24 2 0
github.com/TresPies-source/dgd/api/stream.go:81.10,83.9 2 0
github.com/TresPies-source/dgd/api/stream.go:86.2,86.16 1 0
github.com/TresPies-source/dgd/api/stream.go:86.16,89.3 2 0
github.com/TresPies-source/dgd/api/stream.go:92.2,109.38 4 0
github.com/TresPies-source/dgd/api/stream.go:112.114,113.24 1 0
github.com/TresPies-source/dgd/api/stream.go:113.24,118.3 3 0
github.com/TresPies-source/dgd/api/stream.go:121.2,127.16 3 0
github.com/TresPies-source/dgd/api/stream.go:127.16,129.3 1 0
github.com/TresPies-source/dgd/api/stream.go:132.2,139.53 2 0
github.com/TresPies-source/dgd/api/stream.go:142.115,145.16 2 0
github.com/TresPies-source/dgd/api/stream.go:145.16,147.3 1 0
github.com/TresPies-source/dgd/api/stream.go:149.2,155.22 2 0
github.com/TresPies-source/dgd/api/stream.go:158.113,159.27 1 0
github.com/TresPies-source/dgd/api/stream.go:159.27,163.3 3 0
github.com/TresPies-source/dgd/api/stream.go:166.2,172.16 3 0
github.com/TresPies-source/dgd/api/stream.go:172.16,174.3 1 0
github.com/TresPies-source/dgd/api/stream.go:177.2,183.33 2 0
github.com/TresPies-source/dgd/api/stream.go:186.57,190.2 3 0
github.com/TresPies-source/dgd/api/stream.go:192.53,201.2 4 0
github.com/TresPies-source/dgd/api/update.go:27.53,32.50 2 1
github.com/TresPies-source/dgd/api/update.go:32.50,34.3 1 1
github.com/TresPies-source/dgd/api/update.go:36.2,39.16 3 1
github.com/TresPies-source/dgd/api/update.go:39.16,44.3 2 1
github.com/TresPies-source/dgd/api/update.go:46.2,46.19 1 1
github.com/TresPies-source/dgd/api/update.go:46.19,53.3 2 1
github.com/TresPies-source/dgd/api/update.go:56.2,62.4 1 1
github.com/TresPies-source/dgd/api/update.go:66.53,73.47 2 1
github.com/TresPies-source/dgd/api/update.go:73.47,78.3 2 1
github.com/TresPies-source/dgd/api/update.go:81.2,81.62 1 1
github.com/TresPies-source/dgd/api/update.go:81.62,86.3 2 1
github.com/TresPies-source/dgd/api/update.go:88.2,95.12 2 1
github.com/TresPies-source/dgd/api/update.go:95.12,97.58 2 1
github.com/TresPies-source/dgd/api/update.go:97.58,101.4 1 1
github.com/TresPies-source/dgd/api/update.go:104.3,104.31 1 0
github.com/TresPies-source/dgd/api/update.go:107.2,110.4 1 1
github.com/TresPies-source/dgd/api/usage.go:10.50,12.16 2 1
github.com/TresPies-source/dgd/api/usage.go:12.16,15.3 2 0
github.com/TresPies-source/dgd/api/usage.go:17.2,17.30 1 1
github.com/TresPies-source/dgd/api/usage.go:21.57,25.16 3 1
github.com/TresPies-source/dgd/api/usage.go:25.16,28.3 2 1
github.com/TresPies-source/dgd/api/usage.go:30.2,30.30 1 1
