mode: set
github.com/TresPies-source/dgd/database/db.go:22.39,25.47 2 1
github.com/TresPies-source/dgd/database/db.go:25.47,27.3 1 0
github.com/TresPies-source/dgd/database/db.go:30.2,31.16 2 1
github.com/TresPies-source/dgd/database/db.go:31.16,33.3 1 0
github.com/TresPies-source/dgd/database/db.go:36.2,36.66 1 1
github.com/TresPies-source/dgd/database/db.go:36.66,39.3 2 0
github.com/TresPies-source/dgd/database/db.go:42.2,42.49 1 1
github.com/TresPies-source/dgd/database/db.go:42.49,45.3 2 0
github.com/TresPies-source/dgd/database/db.go:47.2,50.43 2 1
github.com/TresPies-source/dgd/database/db.go:50.43,53.3 2 0
github.com/TresPies-source/dgd/database/db.go:55.2,55.16 1 1
github.com/TresPies-source/dgd/database/db.go:59.29,61.2 1 1
github.com/TresPies-source/dgd/database/messages.go:23.53,43.16 4 1
github.com/TresPies-source/dgd/database/messages.go:43.16,45.3 1 1
github.com/TresPies-source/dgd/database/messages.go:48.2,49.16 2 1
github.com/TresPies-source/dgd/database/messages.go:49.16,51.3 1 0
github.com/TresPies-source/dgd/database/messages.go:53.2,53.12 1 1
github.com/TresPies-source/dgd/database/messages.go:57.55,79.26 5 1
github.com/TresPies-source/dgd/database/messages.go:79.26,81.3 1 0
github.com/TresPies-source/dgd/database/messages.go:82.2,82.16 1 1
github.com/TresPies-source/dgd/database/messages.go:82.16,84.3 1 0
github.com/TresPies-source/dgd/database/messages.go:86.2,89.22 3 1
github.com/TresPies-source/dgd/database/messages.go:93.65,102.16 3 1
github.com/TresPies-source/dgd/database/messages.go:102.16,104.3 1 0
github.com/TresPies-source/dgd/database/messages.go:105.2,108.18 3 1
github.com/TresPies-source/dgd/database/messages.go:108.18,123.17 4 1
github.com/TresPies-source/dgd/database/messages.go:123.17,125.4 1 0
github.com/TresPies-source/dgd/database/messages.go:127.3,130.39 3 1
github.com/TresPies-source/dgd/database/messages.go:133.2,133.34 1 1
github.com/TresPies-source/dgd/database/messages.go:133.34,135.3 1 0
github.com/TresPies-source/dgd/database/messages.go:137.2,137.22 1 1
github.com/TresPies-source/dgd/database/messages.go:141.46,145.16 3 1
github.com/TresPies-source/dgd/database/messages.go:145.16,147.3 1 0
github.com/TresPies-source/dgd/database/messages.go:149.2,150.16 2 1
github.com/TresPies-source/dgd/database/messages.go:150.16,152.3 1 0
github.com/TresPies-source/dgd/database/messages.go:154.2,154.15 1 1
github.com/TresPies-source/dgd/database/messages.go:154.15,156.3 1 0
github.com/TresPies-source/dgd/database/messages.go:158.2,158.12 1 1
github.com/TresPies-source/dgd/database/messages.go:162.42,163.13 1 1
github.com/TresPies-source/dgd/database/messages.go:163.13,165.3 1 1
github.com/TresPies-source/dgd/database/messages.go:166.2,166.47 1 1
github.com/TresPies-source/dgd/database/migrate.go:22.37,24.51 1 1
github.com/TresPies-source/dgd/database/migrate.go:24.51,26.3 1 0
github.com/TresPies-source/dgd/database/migrate.go:29.2,30.16 2 1
github.com/TresPies-source/dgd/database/migrate.go:30.16,32.3 1 0
github.com/TresPies-source/dgd/database/migrate.go:35.2,36.16 2 1
github.com/TresPies-source/dgd/database/migrate.go:36.16,38.3 1 0
github.com/TresPies-source/dgd/database/migrate.go:41.2,41.39 1 1
github.com/TresPies-source/dgd/database/migrate.go:41.39,42.54 1 1
github.com/TresPies-source/dgd/database/migrate.go:42.54,43.12 1 1
github.com/TresPies-source/dgd/database/migrate.go:46.3,46.54 1 1
github.com/TresPies-source/dgd/database/migrate.go:46.54,48.4 1 0
github.com/TresPies-source/dgd/database/migrate.go:50.3,50.78 1 1
github.com/TresPies-source/dgd/database/migrate.go:53.2,53.12 1 1
github.com/TresPies-source/dgd/database/migrate.go:57.45,67.2 3 1
github.com/TresPies-source/dgd/database/migrate.go:70.44,72.16 2 1
github.com/TresPies-source/dgd/database/migrate.go:72.16,74.3 1 0
github.com/TresPies-source/dgd/database/migrate.go:76.2,77.32 2 1
github.com/TresPies-source/dgd/database/migrate.go:77.32,78.64 1 1
github.com/TresPies-source/dgd/database/migrate.go:78.64,79.12 1 0
github.com/TresPies-source/dgd/database/migrate.go:83.3,85.21 3 1
github.com/TresPies-source/dgd/database/migrate.go:85.21,86.12 1 0
github.com/TresPies-source/dgd/database/migrate.go:89.3,90.65 2 1
github.com/TresPies-source/dgd/database/migrate.go:90.65,91.12 1 0
github.com/TresPies-source/dgd/database/migrate.go:94.3,98.17 3 1
github.com/TresPies-source/dgd/database/migrate.go:98.17,100.4 1 0
github.com/TresPies-source/dgd/database/migrate.go:102.3,106.5 1 1
github.com/TresPies-source/dgd/database/migrate.go:110.2,110.45 1 1
github.com/TresPies-source/dgd/database/migrate.go:110.45,112.3 1 1
github.com/TresPies-source/dgd/database/migrate.go:114.2,114.24 1 1
github.com/TresPies-source/dgd/database/migrate.go:118.60,121.16 3 1
github.com/TresPies-source/dgd/database/migrate.go:121.16,123.3 1 0
github.com/TresPies-source/dgd/database/migrate.go:124.2,127.18 3 1
github.com/TresPies-source/dgd/database/migrate.go:127.18,129.45 2 1
github.com/TresPies-source/dgd/database/migrate.go:129.45,131.4 1 0
github.com/TresPies-source/dgd/database/migrate.go:132.3,132.26 1 1
github.com/TresPies-source/dgd/database/migrate.go:135.2,135.28 1 1
github.com/TresPies-source/dgd/database/migrate.go:139.57,142.28 1 1
github.com/TresPies-source/dgd/database/migrate.go:142.28,143.67 1 1
github.com/TresPies-source/dgd/database/migrate.go:143.67,145.4 1 0
github.com/TresPies-source/dgd/database/migrate.go:146.3,146.13 1 1
github.com/TresPies-source/dgd/database/migrate.go:149.2,150.16 2 1
github.com/TresPies-source/dgd/database/migrate.go:150.16,152.3 1 0
github.com/TresPies-source/dgd/database/migrate.go:153.2,156.50 2 1
github.com/TresPies-source/dgd/database/migrate.go:156.50,158.3 1 0
github.com/TresPies-source/dgd/database/migrate.go:161.2,162.77 2 1
github.com/TresPies-source/dgd/database/migrate.go:162.77,164.3 1 0
github.com/TresPies-source/dgd/database/migrate.go:166.2,166.36 1 1
github.com/TresPies-source/dgd/database/migrate.go:166.36,168.3 1 0
github.com/TresPies-source/dgd/database/migrate.go:170.2,170.12 1 1
github.com/TresPies-source/dgd/database/migrate.go:174.70,177.16 2 1
github.com/TresPies-source/dgd/database/migrate.go:177.16,179.3 1 0
github.com/TresPies-source/dgd/database/migrate.go:182.2,183.16 2 1
github.com/TresPies-source/dgd/database/migrate.go:183.16,185.3 1 0
github.com/TresPies-source/dgd/database/migrate.go:188.2,188.44 1 1
github.com/TresPies-source/dgd/database/migrate.go:188.44,191.78 2 1
github.com/TresPies-source/dgd/database/migrate.go:191.78,193.4 1 0
github.com/TresPies-source/dgd/database/migrate.go:194.3,194.13 1 1
github.com/TresPies-source/dgd/database/migrate.go:198.2,199.16 2 0
github.com/TresPies-source/dgd/database/migrate.go:199.16,201.3 1 0
github.com/TresPies-source/dgd/database/migrate.go:202.2,205.22 2 0
github.com/TresPies-source/dgd/database/migrate.go:205.22,206.103 1 0
github.com/TresPies-source/dgd/database/migrate.go:206.103,208.4 1 0
github.com/TresPies-source/dgd/database/migrate.go:212.2,212.26 1 0
github.com/TresPies-source/dgd/database/migrate.go:212.26,213.107 1 0
github.com/TresPies-source/dgd/database/migrate.go:213.107,215.4 1 0
github.com/TresPies-source/dgd/database/migrate.go:219.2,220.77 2 0
github.com/TresPies-source/dgd/database/migrate.go:220.77,222.3 1 0
github.com/TresPies-source/dgd/database/migrate.go:224.2,224.36 1 0
github.com/TresPies-source/dgd/database/migrate.go:224.36,226.3 1 0
github.com/TresPies-source/dgd/database/migrate.go:228.2,228.12 1 0
github.com/TresPies-source/dgd/database/migrate.go:232.72,238.16 4 1
github.com/TresPies-source/dgd/database/migrate.go:238.16,240.3 1 0
github.com/TresPies-source/dgd/database/migrate.go:241.2,241.23 1 1
github.com/TresPies-source/dgd/database/migrate.go:245.70,247.16 2 1
github.com/TresPies-source/dgd/database/migrate.go:247.16,249.3 1 0
github.com/TresPies-source/dgd/database/migrate.go:251.2,252.16 2 1
github.com/TresPies-source/dgd/database/migrate.go:252.16,254.3 1 0
github.com/TresPies-source/dgd/database/migrate.go:256.2,257.39 2 1
github.com/TresPies-source/dgd/database/migrate.go:257.39,264.3 2 1
github.com/TresPies-source/dgd/database/migrate.go:266.2,266.20 1 1
github.com/TresPies-source/dgd/database/sessions.go:20.53,30.26 5 1
github.com/TresPies-source/dgd/database/sessions.go:30.26,32.3 1 1
github.com/TresPies-source/dgd/database/sessions.go:34.2,35.16 2 1
github.com/TresPies-source/dgd/database/sessions.go:35.16,37.3 1 0
github.com/TresPies-source/dgd/database/sessions.go:39.2,39.12 1 1
github.com/TresPies-source/dgd/database/sessions.go:43.55,60.26 4 1
github.com/TresPies-source/dgd/database/sessions.go:60.26,62.3 1 0
github.com/TresPies-source/dgd/database/sessions.go:63.2,63.16 1 1
github.com/TresPies-source/dgd/database/sessions.go:63.16,65.3 1 0
github.com/TresPies-source/dgd/database/sessions.go:67.2,67.22 1 1
github.com/TresPies-source/dgd/database/sessions.go:71.49,80.16 3 1
github.com/TresPies-source/dgd/database/sessions.go:80.16,82.3 1 0
github.com/TresPies-source/dgd/database/sessions.go:83.2,86.18 3 1
github.com/TresPies-source/dgd/database/sessions.go:86.18,96.17 3 1
github.com/TresPies-source/dgd/database/sessions.go:96.17,98.4 1 0
github.com/TresPies-source/dgd/database/sessions.go:99.3,99.39 1 1
github.com/TresPies-source/dgd/database/sessions.go:102.2,102.34 1 1
github.com/TresPies-source/dgd/database/sessions.go:102.34,104.3 1 0
github.com/TresPies-source/dgd/database/sessions.go:106.2,106.22 1 1
github.com/TresPies-source/dgd/database/sessions.go:110.53,120.16 4 1
github.com/TresPies-source/dgd/database/sessions.go:120.16,122.3 1 0
github.com/TresPies-source/dgd/database/sessions.go:124.2,125.16 2 1
github.com/TresPies-source/dgd/database/sessions.go:125.16,127.3 1 0
github.com/TresPies-source/dgd/database/sessions.go:129.2,129.15 1 1
github.com/TresPies-source/dgd/database/sessions.go:129.15,131.3 1 0
github.com/TresPies-source/dgd/database/sessions.go:133.2,133.12 1 1
github.com/TresPies-source/dgd/database/sessions.go:137.46,145.16 3 1
github.com/TresPies-source/dgd/database/sessions.go:145.16,147.3 1 0
github.com/TresPies-source/dgd/database/sessions.go:149.2,150.16 2 1
github.com/TresPies-source/dgd/database/sessions.go:150.16,152.3 1 0
github.com/TresPies-source/dgd/database/sessions.go:154.2,154.15 1 1
github.com/TresPies-source/dgd/database/sessions.go:154.15,156.3 1 0
github.com/TresPies-source/dgd/database/sessions.go:158.2,158.12 1 1
github.com/TresPies-source/dgd/database/settings.go:10.54,16.26 4 1
github.com/TresPies-source/dgd/database/settings.go:16.26,18.3 1 1
github.com/TresPies-source/dgd/database/settings.go:19.2,19.16 1 1
github.com/TresPies-source/dgd/database/settings.go:19.16,21.3 1 0
github.com/TresPies-source/dgd/database/settings.go:23.2,23.19 1 1
github.com/TresPies-source/dgd/database/settings.go:27.51,37.16 3 1
github.com/TresPies-source/dgd/database/settings.go:37.16,39.3 1 0
github.com/TresPies-source/dgd/database/settings.go:41.2,41.12 1 1
github.com/TresPies-source/dgd/database/settings.go:45.59,49.16 3 1
github.com/TresPies-source/dgd/database/settings.go:49.16,51.3 1 0
github.com/TresPies-source/dgd/database/settings.go:52.2,55.18 3 1
github.com/TresPies-source/dgd/database/settings.go:55.18,57.49 2 1
github.com/TresPies-source/dgd/database/settings.go:57.49,59.4 1 0
github.com/TresPies-source/dgd/database/settings.go:60.3,60.24 1 1
github.com/TresPies-source/dgd/database/settings.go:63.2,63.34 1 1
github.com/TresPies-source/dgd/database/settings.go:63.34,65.3 1 0
github.com/TresPies-source/dgd/database/settings.go:67.2,67.22 1 1
github.com/TresPies-source/dgd/database/settings.go:71.61,73.16 2 1
github.com/TresPies-source/dgd/database/settings.go:73.16,75.3 1 0
github.com/TresPies-source/dgd/database/settings.go:76.2,87.16 4 1
github.com/TresPies-source/dgd/database/settings.go:87.16,89.3 1 0
github.com/TresPies-source/dgd/database/settings.go:90.2,93.35 3 1
github.com/TresPies-source/dgd/database/settings.go:93.35,94.55 1 1
github.com/TresPies-source/dgd/database/settings.go:94.55,96.4 1 0
github.com/TresPies-source/dgd/database/settings.go:99.2,99.36 1 1
github.com/TresPies-source/dgd/database/settings.go:99.36,101.3 1 0
github.com/TresPies-source/dgd/database/settings.go:103.2,103.12 1 1
github.com/TresPies-source/dgd/database/settings.go:107.47,111.16 3 1
github.com/TresPies-source/dgd/database/settings.go:111.16,113.3 1 0
github.com/TresPies-source/dgd/database/settings.go:115.2,116.16 2 1
github.com/TresPies-source/dgd/database/settings.go:116.16,118.3 1 0
github.com/TresPies-source/dgd/database/settings.go:120.2,120.15 1 1
github.com/TresPies-source/dgd/database/settings.go:120.15,122.3 1 1
github.com/TresPies-source/dgd/database/settings.go:124.2,124.12 1 1
github.com/TresPies-source/dgd/database/usage.go:50.52,72.16 4 1
github.com/TresPies-source/dgd/database/usage.go:72.16,74.3 1 0
github.com/TresPies-source/dgd/database/usage.go:76.2,93.16 4 1
github.com/TresPies-source/dgd/database/usage.go:93.16,95.3 1 0
github.com/TresPies-source/dgd/database/usage.go:96.2,98.18 2 1
github.com/TresPies-source/dgd/database/usage.go:98.18,106.17 3 1
github.com/TresPies-source/dgd/database/usage.go:106.17,108.4 1 0
github.com/TresPies-source/dgd/database/usage.go:109.3,111.57 3 1
github.com/TresPies-source/dgd/database/usage.go:114.2,114.34 1 1
github.com/TresPies-source/dgd/database/usage.go:114.34,116.3 1 0
github.com/TresPies-source/dgd/database/usage.go:119.2,133.16 3 1
github.com/TresPies-source/dgd/database/usage.go:133.16,135.3 1 0
github.com/TresPies-source/dgd/database/usage.go:136.2,138.18 2 1
github.com/TresPies-source/dgd/database/usage.go:138.18,146.17 3 1
github.com/TresPies-source/dgd/database/usage.go:146.17,148.4 1 0
github.com/TresPies-source/dgd/database/usage.go:149.3,150.53 2 1
github.com/TresPies-source/dgd/database/usage.go:153.2,153.34 1 1
github.com/TresPies-source/dgd/database/usage.go:153.34,155.3 1 0
github.com/TresPies-source/dgd/database/usage.go:158.2,174.16 3 1
github.com/TresPies-source/dgd/database/usage.go:174.16,176.3 1 0
github.com/TresPies-source/dgd/database/usage.go:177.2,179.18 2 1
github.com/TresPies-source/dgd/database/usage.go:179.18,188.17 3 1
github.com/TresPies-source/dgd/database/usage.go:188.17,190.4 1 0
github.com/TresPies-source/dgd/database/usage.go:191.3,192.63 2 1
github.com/TresPies-source/dgd/database/usage.go:195.2,195.34 1 1
github.com/TresPies-source/dgd/database/usage.go:195.34,197.3 1 0
github.com/TresPies-source/dgd/database/usage.go:200.2,201.48 2 1
github.com/TresPies-source/dgd/database/usage.go:201.48,203.3 1 1
github.com/TresPies-source/dgd/database/usage.go:205.2,205.19 1 1
github.com/TresPies-source/dgd/database/usage.go:209.72,231.16 4 1
github.com/TresPies-source/dgd/database/usage.go:231.16,233.3 1 0
github.com/TresPies-source/dgd/database/usage.go:235.2,237.20 2 1
github.com/TresPies-source/dgd/database/usage.go:242.78,246.15 2 1
github.com/TresPies-source/dgd/database/usage.go:247.16,249.30 2 1
github.com/TresPies-source/dgd/database/usage.go:250.21,252.29 2 1
github.com/TresPies-source/dgd/database/usage.go:253.21,255.30 2 0
github.com/TresPies-source/dgd/database/usage.go:256.23,258.29 2 0
github.com/TresPies-source/dgd/database/usage.go:259.27,261.30 2 1
github.com/TresPies-source/dgd/database/usage.go:262.23,264.30 2 0
github.com/TresPies-source/dgd/database/usage.go:265.24,267.29 2 0
github.com/TresPies-source/dgd/database/usage.go:268.10,270.13 1 1
github.com/TresPies-source/dgd/database/usage.go:273.2,276.36 3 1
github.com/TresPies-source/dgd/database/usage.go:280.85,296.16 3 1
github.com/TresPies-source/dgd/database/usage.go:296.16,298.3 1 0
github.com/TresPies-source/dgd/database/usage.go:299.2,302.18 3 1
github.com/TresPies-source/dgd/database/usage.go:302.18,310.17 3 1
github.com/TresPies-source/dgd/database/usage.go:310.17,312.4 1 0
github.com/TresPies-source/dgd/database/usage.go:313.3,314.29 2 1
github.com/TresPies-source/dgd/database/usage.go:317.2,317.34 1 1
github.com/TresPies-source/dgd/database/usage.go:317.34,319.3 1 0
github.com/TresPies-source/dgd/database/usage.go:321.2,321.19 1 1
