mode: set
github.com/TresPies-source/dgd/updater/updater.go:44.56,55.2 1 1
github.com/TresPies-source/dgd/updater/updater.go:58.89,62.55 2 1
github.com/TresPies-source/dgd/updater/updater.go:62.55,63.18 1 1
github.com/TresPies-source/dgd/updater/updater.go:63.18,66.4 2 1
github.com/TresPies-source/dgd/updater/updater.go:68.3,69.17 2 1
github.com/TresPies-source/dgd/updater/updater.go:69.17,71.4 1 1
github.com/TresPies-source/dgd/updater/updater.go:72.3,72.16 1 1
github.com/TresPies-source/dgd/updater/updater.go:75.2,75.80 1 1
github.com/TresPies-source/dgd/updater/updater.go:79.93,81.16 2 1
github.com/TresPies-source/dgd/updater/updater.go:81.16,83.3 1 0
github.com/TresPies-source/dgd/updater/updater.go:84.2,86.38 2 1
github.com/TresPies-source/dgd/updater/updater.go:86.38,88.3 1 1
github.com/TresPies-source/dgd/updater/updater.go:90.2,91.16 2 1
github.com/TresPies-source/dgd/updater/updater.go:91.16,93.3 1 0
github.com/TresPies-source/dgd/updater/updater.go:96.2,97.78 2 1
github.com/TresPies-source/dgd/updater/updater.go:97.78,99.54 1 1
github.com/TresPies-source/dgd/updater/updater.go:99.54,101.4 1 1
github.com/TresPies-source/dgd/updater/updater.go:102.3,102.22 1 1
github.com/TresPies-source/dgd/updater/updater.go:106.2,107.84 2 1
github.com/TresPies-source/dgd/updater/updater.go:107.84,109.17 2 1
github.com/TresPies-source/dgd/updater/updater.go:109.17,111.4 1 0
github.com/TresPies-source/dgd/updater/updater.go:113.3,113.54 1 1
github.com/TresPies-source/dgd/updater/updater.go:113.54,115.4 1 0
github.com/TresPies-source/dgd/updater/updater.go:116.3,116.21 1 1
github.com/TresPies-source/dgd/updater/updater.go:119.2,119.71 1 1
github.com/TresPies-source/dgd/updater/updater.go:123.73,127.39 2 1
github.com/TresPies-source/dgd/updater/updater.go:127.39,128.35 1 1
github.com/TresPies-source/dgd/updater/updater.go:128.35,136.4 1 1
github.com/TresPies-source/dgd/updater/updater.go:139.2,139.76 1 1
github.com/TresPies-source/dgd/updater/updater.go:143.72,146.16 2 0
github.com/TresPies-source/dgd/updater/updater.go:146.16,148.3 1 0
github.com/TresPies-source/dgd/updater/updater.go:149.2,151.38 2 0
github.com/TresPies-source/dgd/updater/updater.go:151.38,153.3 1 0
github.com/TresPies-source/dgd/updater/updater.go:156.2,157.16 2 0
github.com/TresPies-source/dgd/updater/updater.go:157.16,159.3 1 0
github.com/TresPies-source/dgd/updater/updater.go:162.2,162.27 1 0
github.com/TresPies-source/dgd/updater/updater.go:162.27,163.69 1 0
github.com/TresPies-source/dgd/updater/updater.go:163.69,165.4 1 0
github.com/TresPies-source/dgd/updater/updater.go:169.2,169.84 1 0
github.com/TresPies-source/dgd/updater/updater.go:169.84,171.3 1 0
github.com/TresPies-source/dgd/updater/updater.go:173.2,173.12 1 0
github.com/TresPies-source/dgd/updater/updater.go:178.61,184.28 3 1
github.com/TresPies-source/dgd/updater/updater.go:184.28,186.3 1 0
github.com/TresPies-source/dgd/updater/updater.go:187.2,187.24 1 1
github.com/TresPies-source/dgd/updater/updater.go:187.24,189.3 1 0
github.com/TresPies-source/dgd/updater/updater.go:192.2,192.25 1 1
github.com/TresPies-source/dgd/updater/updater.go:192.25,197.26 4 1
github.com/TresPies-source/dgd/updater/updater.go:197.26,199.4 1 1
github.com/TresPies-source/dgd/updater/updater.go:199.9,199.33 1 1
github.com/TresPies-source/dgd/updater/updater.go:199.33,201.4 1 1
github.com/TresPies-source/dgd/updater/updater.go:204.2,204.14 1 1
github.com/TresPies-source/dgd/updater/updater.go:208.65,212.40 3 1
github.com/TresPies-source/dgd/updater/updater.go:212.40,214.3 1 1
github.com/TresPies-source/dgd/updater/updater.go:216.2,216.12 1 1
github.com/TresPies-source/dgd/updater/updater.go:220.37,226.12 4 1
github.com/TresPies-source/dgd/updater/updater.go:227.17,228.49 1 1
github.com/TresPies-source/dgd/updater/updater.go:229.16,230.43 1 0
github.com/TresPies-source/dgd/updater/updater.go:231.15,232.43 1 0
github.com/TresPies-source/dgd/updater/updater.go:233.10,234.45 1 0
github.com/TresPies-source/dgd/updater/updater.go:237.2,237.13 1 1
github.com/TresPies-source/dgd/updater/updater.go:246.58,248.2 1 0
github.com/TresPies-source/dgd/updater/updater.go:251.33,253.35 1 0
github.com/TresPies-source/dgd/updater/updater.go:253.35,254.50 1 0
github.com/TresPies-source/dgd/updater/updater.go:254.50,256.4 1 0
github.com/TresPies-source/dgd/updater/updater.go:260.2,263.16 3 0
github.com/TresPies-source/dgd/updater/updater.go:263.16,265.3 1 0
github.com/TresPies-source/dgd/updater/updater.go:268.2,276.16 4 0
github.com/TresPies-source/dgd/updater/updater.go:276.16,278.3 1 0
github.com/TresPies-source/dgd/updater/updater.go:281.2,286.12 3 0
